Fri, 01 Jul 2022 18:33:09 GMT - GET / - status 200, res-content-length 1718 Bytes, process-time 5.098 ms
Fri, 01 Jul 2022 18:33:19 GMT - GET /? - status 200, res-content-length 1718 Bytes, process-time 3.505 ms
Fri, 01 Jul 2022 18:37:45 GMT - GET / - status 200, res-content-length 1736 Bytes, process-time 3.233 ms
Fri, 01 Jul 2022 18:37:45 GMT - GET /favicon.ico - status 404, res-content-length 150 Bytes, process-time 1.388 ms
Fri, 01 Jul 2022 18:38:06 GMT - GET / - status 200, res-content-length 1732 Bytes, process-time 3.079 ms
Fri, 01 Jul 2022 18:38:37 GMT - GET / - status 200, res-content-length 1751 Bytes, process-time 3.436 ms
Fri, 01 Jul 2022 18:39:47 GMT - GET / - status 200, res-content-length 1750 Bytes, process-time 3.969 ms
Fri, 01 Jul 2022 18:39:50 GMT - GET / - status 304, res-content-length - Bytes, process-time 3.155 ms
Fri, 01 Jul 2022 18:40:02 GMT - GET / - status 200, res-content-length 1751 Bytes, process-time 6.219 ms
Fri, 01 Jul 2022 18:40:31 GMT - GET / - status 200, res-content-length 1750 Bytes, process-time 4.818 ms
Fri, 01 Jul 2022 18:45:00 GMT - GET / - status 200, res-content-length 1874 Bytes, process-time 3.678 ms
Fri, 01 Jul 2022 18:45:27 GMT - GET /? - status 200, res-content-length 1874 Bytes, process-time 3.873 ms
Fri, 01 Jul 2022 18:46:26 GMT - GET / - status 200, res-content-length 1873 Bytes, process-time 6.813 ms
Fri, 01 Jul 2022 18:47:39 GMT - GET / - status 200, res-content-length 1874 Bytes, process-time 3.936 ms
Fri, 01 Jul 2022 18:53:08 GMT - GET / - status 304, res-content-length - Bytes, process-time 2.655 ms
Fri, 01 Jul 2022 18:53:43 GMT - GET / - status 304, res-content-length - Bytes, process-time 2.513 ms
Fri, 01 Jul 2022 18:54:43 GMT - GET / - status 200, res-content-length 1874 Bytes, process-time 4.118 ms
Fri, 01 Jul 2022 18:54:49 GMT - GET / - status 200, res-content-length 1875 Bytes, process-time 2.657 ms
Fri, 01 Jul 2022 18:54:57 GMT - GET / - status 200, res-content-length 1874 Bytes, process-time 4.171 ms
Fri, 01 Jul 2022 18:55:00 GMT - GET / - status 304, res-content-length - Bytes, process-time 3.310 ms
Fri, 01 Jul 2022 18:55:15 GMT - GET / - status 200, res-content-length 1875 Bytes, process-time 2.856 ms
Fri, 01 Jul 2022 18:56:32 GMT - GET / - status 200, res-content-length 1902 Bytes, process-time 4.291 ms
Fri, 01 Jul 2022 18:57:48 GMT - GET / - status 200, res-content-length 1904 Bytes, process-time 2.148 ms
Fri, 01 Jul 2022 18:58:27 GMT - GET / - status 200, res-content-length 1903 Bytes, process-time 2.825 ms
Fri, 01 Jul 2022 18:58:36 GMT - GET / - status 200, res-content-length 1904 Bytes, process-time 3.617 ms
Fri, 01 Jul 2022 18:58:59 GMT - GET / - status 200, res-content-length 1903 Bytes, process-time 2.927 ms
Fri, 01 Jul 2022 18:58:59 GMT - GET /favicon.ico - status 404, res-content-length 150 Bytes, process-time 1.026 ms
Fri, 01 Jul 2022 19:26:36 GMT - GET / - status 200, res-content-length 1896 Bytes, process-time 1.734 ms
Fri, 01 Jul 2022 19:26:36 GMT - GET /favicon.ico - status 404, res-content-length 150 Bytes, process-time 1.164 ms
Fri, 01 Jul 2022 19:26:50 GMT - GET / - status 200, res-content-length 1903 Bytes, process-time 3.634 ms
Fri, 01 Jul 2022 19:31:46 GMT - GET / - status 200, res-content-length 2060 Bytes, process-time 1.387 ms
Fri, 01 Jul 2022 19:32:49 GMT - GET / - status 200, res-content-length 2029 Bytes, process-time 6.698 ms
Fri, 01 Jul 2022 19:32:49 GMT - GET /logo/phone_logo.png - status 404, res-content-length 158 Bytes, process-time 1.337 ms
Fri, 01 Jul 2022 19:33:01 GMT - GET / - status 200, res-content-length 2028 Bytes, process-time 2.513 ms
Fri, 01 Jul 2022 19:33:01 GMT - GET /logo/phone_logo.png - status 404, res-content-length 158 Bytes, process-time 1.557 ms
Fri, 01 Jul 2022 19:33:01 GMT - GET /logo/phone_logo.png - status 404, res-content-length 158 Bytes, process-time 1.075 ms
Fri, 01 Jul 2022 19:33:18 GMT - GET / - status 200, res-content-length 2030 Bytes, process-time 5.458 ms
Fri, 01 Jul 2022 19:33:18 GMT - GET /logo/phone_logo.png - status 404, res-content-length 158 Bytes, process-time 1.512 ms
Fri, 01 Jul 2022 19:33:31 GMT - GET / - status 200, res-content-length 2032 Bytes, process-time 8.801 ms
Fri, 01 Jul 2022 19:33:31 GMT - GET /logo/phone_logo.png - status 404, res-content-length 158 Bytes, process-time 1.247 ms
Fri, 01 Jul 2022 19:33:53 GMT - GET / - status 200, res-content-length 2022 Bytes, process-time 7.168 ms
Fri, 01 Jul 2022 19:33:53 GMT - GET /phone_logo.png - status 404, res-content-length 153 Bytes, process-time 0.720 ms
Fri, 01 Jul 2022 19:34:17 GMT - GET / - status 200, res-content-length 2022 Bytes, process-time 5.548 ms
Fri, 01 Jul 2022 19:34:17 GMT - GET /phone_logo.png - status 404, res-content-length 153 Bytes, process-time 1.432 ms
Fri, 01 Jul 2022 19:34:17 GMT - GET /phone_logo.png - status 404, res-content-length 153 Bytes, process-time 1.204 ms
Fri, 01 Jul 2022 19:34:27 GMT - GET / - status 200, res-content-length 2007 Bytes, process-time 5.217 ms
Fri, 01 Jul 2022 19:34:27 GMT - GET /phone_logo.png - status 404, res-content-length 153 Bytes, process-time 1.129 ms
Fri, 01 Jul 2022 19:34:27 GMT - GET /phone_logo.png - status 404, res-content-length 153 Bytes, process-time 1.073 ms
Fri, 01 Jul 2022 19:35:47 GMT - GET / - status 200, res-content-length 2019 Bytes, process-time 4.430 ms
Fri, 01 Jul 2022 19:35:47 GMT - GET /phone_logo.png - status 404, res-content-length 153 Bytes, process-time 1.005 ms
Fri, 01 Jul 2022 19:36:09 GMT - GET / - status 304, res-content-length - Bytes, process-time 1.337 ms
Fri, 01 Jul 2022 19:36:10 GMT - GET /phone_logo.png - status 404, res-content-length 153 Bytes, process-time 1.127 ms
Fri, 01 Jul 2022 19:36:23 GMT - GET /phone_logo.png - status 404, res-content-length 153 Bytes, process-time 1.874 ms
Fri, 01 Jul 2022 19:37:05 GMT - GET /phone_logo.png - status 404, res-content-length 153 Bytes, process-time 1.210 ms
Fri, 01 Jul 2022 19:37:13 GMT - GET / - status 304, res-content-length - Bytes, process-time 1.282 ms
Fri, 01 Jul 2022 19:37:13 GMT - GET /phone_logo.png - status 404, res-content-length 153 Bytes, process-time 0.987 ms
Fri, 01 Jul 2022 19:42:46 GMT - GET / - status 200, res-content-length 1998 Bytes, process-time 2.011 ms
Fri, 01 Jul 2022 19:42:46 GMT - GET /phone_logo.png - status 404, res-content-length 153 Bytes, process-time 1.223 ms
Fri, 01 Jul 2022 19:43:07 GMT - GET / - status 200, res-content-length 2003 Bytes, process-time 1.767 ms
Fri, 01 Jul 2022 19:43:07 GMT - GET /view/phone_logo.png - status 404, res-content-length 158 Bytes, process-time 1.265 ms
Fri, 01 Jul 2022 19:43:38 GMT - GET / - status 200, res-content-length 2005 Bytes, process-time 1.447 ms
Fri, 01 Jul 2022 19:43:38 GMT - GET /view/phone_logo.png - status 404, res-content-length 158 Bytes, process-time 0.781 ms
Fri, 01 Jul 2022 19:44:07 GMT - GET / - status 304, res-content-length - Bytes, process-time 9.329 ms
Fri, 01 Jul 2022 19:44:07 GMT - GET /view/phone_logo.png - status 404, res-content-length 158 Bytes, process-time 6.558 ms
Fri, 01 Jul 2022 19:44:32 GMT - GET / - status 200, res-content-length 1998 Bytes, process-time 8.278 ms
Fri, 01 Jul 2022 19:44:33 GMT - GET /phone_logo.png - status 404, res-content-length 153 Bytes, process-time 1.629 ms
Fri, 01 Jul 2022 19:46:18 GMT - GET / - status 200, res-content-length 2005 Bytes, process-time 3.693 ms
Fri, 01 Jul 2022 19:46:18 GMT - GET /view/phone_logo.png - status 404, res-content-length 158 Bytes, process-time 1.595 ms
Fri, 01 Jul 2022 19:47:07 GMT - GET / - status 200, res-content-length 2004 Bytes, process-time 2.688 ms
Fri, 01 Jul 2022 19:47:07 GMT - GET /view/phone_logo.png - status 404, res-content-length 158 Bytes, process-time 1.837 ms
Fri, 01 Jul 2022 19:47:31 GMT - GET / - status 200, res-content-length 2000 Bytes, process-time 3.789 ms
Fri, 01 Jul 2022 19:47:31 GMT - GET /phone_logo.png - status 404, res-content-length 153 Bytes, process-time 1.838 ms
Fri, 01 Jul 2022 19:47:31 GMT - GET /phone_logo.png - status 404, res-content-length 153 Bytes, process-time 1.529 ms
Fri, 01 Jul 2022 19:47:39 GMT - GET / - status 304, res-content-length - Bytes, process-time 2.551 ms
Fri, 01 Jul 2022 19:47:39 GMT - GET /phone_logo.png - status 404, res-content-length 153 Bytes, process-time 1.338 ms
Fri, 01 Jul 2022 19:48:14 GMT - GET / - status 200, res-content-length 1998 Bytes, process-time 2.425 ms
Fri, 01 Jul 2022 19:48:14 GMT - GET /phone_logo.png - status 404, res-content-length 153 Bytes, process-time 1.540 ms
Fri, 01 Jul 2022 19:48:30 GMT - GET / - status 200, res-content-length 2003 Bytes, process-time 2.326 ms
Fri, 01 Jul 2022 19:48:46 GMT - GET / - status 200, res-content-length 2006 Bytes, process-time 3.240 ms
Fri, 01 Jul 2022 19:49:11 GMT - GET / - status 200, res-content-length 1998 Bytes, process-time 3.301 ms
Fri, 01 Jul 2022 19:49:11 GMT - GET /phone_logo.png - status 404, res-content-length 153 Bytes, process-time 1.470 ms
Fri, 01 Jul 2022 19:49:45 GMT - GET / - status 304, res-content-length - Bytes, process-time 1.617 ms
Fri, 01 Jul 2022 19:49:45 GMT - GET /phone_logo.png - status 404, res-content-length 153 Bytes, process-time 1.260 ms
